<?xml version="1.0" encoding="UTF-8"?>
<testng-results skipped="0" failed="0" ignored="0" total="1" passed="1">
  <reporter-output>
  </reporter-output>
  <suite name="Selenium Coding challenge Part1- Naveen Automation Labs" duration-ms="105914" started-at="2019-04-06T07:32:10Z" finished-at="2019-04-06T07:33:56Z">
    <groups>
    </groups>
    <test name="Selenium Coding challenge Part1- Naveen Automation Labs" duration-ms="105914" started-at="2019-04-06T07:32:10Z" finished-at="2019-04-06T07:33:56Z">
      <class name="Assignment.Zoopla.Test.NewTest">
        <test-method status="PASS" signature="beforeClass()[pri:0, instance:Assignment.Zoopla.Test.NewTest@245ec1a6]" name="beforeClass" is-config="true" duration-ms="40025" started-at="2019-04-06T07:32:11Z" finished-at="2019-04-06T07:32:51Z">
          <reporter-output>
          </reporter-output>
        </test-method> <!-- beforeClass -->
        <test-method status="PASS" signature="valiDateAgentName()[pri:0, instance:Assignment.Zoopla.Test.NewTest@245ec1a6]" name="valiDateAgentName" duration-ms="64868" started-at="2019-04-06T07:32:51Z" finished-at="2019-04-06T07:33:55Z">
          <reporter-output>
          </reporter-output>
        </test-method> <!-- valiDateAgentName -->
        <test-method status="PASS" signature="afterClass()[pri:0, instance:Assignment.Zoopla.Test.NewTest@245ec1a6]" name="afterClass" is-config="true" duration-ms="986" started-at="2019-04-06T07:33:55Z" finished-at="2019-04-06T07:33:56Z">
          <reporter-output>
          </reporter-output>
        </test-method> <!-- afterClass -->
      </class> <!-- Assignment.Zoopla.Test.NewTest -->
    </test> <!-- Selenium Coding challenge Part1- Naveen Automation Labs -->
  </suite> <!-- Selenium Coding challenge Part1- Naveen Automation Labs -->
</testng-results>
