<?xml version="1.0" encoding="UTF-8"?>
<testng-results skipped="0" failed="0" ignored="0" total="1" passed="1">
  <reporter-output>
  </reporter-output>
  <suite name="Selenium Coding challenge Part1- Naveen Automation Labs" duration-ms="48758" started-at="2020-05-03T08:26:16Z" finished-at="2020-05-03T08:27:04Z">
    <groups>
    </groups>
    <test name="Selenium Coding challenge Part1- Naveen Automation Labs" duration-ms="48758" started-at="2020-05-03T08:26:16Z" finished-at="2020-05-03T08:27:04Z">
      <class name="Assignment.Zoopla.Test.NewTest">
        <test-method status="PASS" signature="beforeClass()[pri:0, instance:Assignment.Zoopla.Test.NewTest@39aeed2f]" name="beforeClass" is-config="true" duration-ms="20666" started-at="2020-05-03T08:26:16Z" finished-at="2020-05-03T08:26:36Z">
          <reporter-output>
          </reporter-output>
        </test-method> <!-- beforeClass -->
        <test-method status="PASS" signature="valiDateAgentName()[pri:0, instance:Assignment.Zoopla.Test.NewTest@39aeed2f]" name="valiDateAgentName" duration-ms="28054" started-at="2020-05-03T08:26:36Z" finished-at="2020-05-03T08:27:04Z">
          <reporter-output>
          </reporter-output>
        </test-method> <!-- valiDateAgentName -->
        <test-method status="PASS" signature="afterClass()[pri:0, instance:Assignment.Zoopla.Test.NewTest@39aeed2f]" name="afterClass" is-config="true" duration-ms="0" started-at="2020-05-03T08:27:04Z" finished-at="2020-05-03T08:27:04Z">
          <reporter-output>
          </reporter-output>
        </test-method> <!-- afterClass -->
      </class> <!-- Assignment.Zoopla.Test.NewTest -->
    </test> <!-- Selenium Coding challenge Part1- Naveen Automation Labs -->
  </suite> <!-- Selenium Coding challenge Part1- Naveen Automation Labs -->
</testng-results>
