<?xml version="1.0" encoding="UTF-8"?>
<testng-results skipped="0" failed="0" ignored="0" total="1" passed="1">
  <reporter-output>
  </reporter-output>
  <suite name="Default suite" duration-ms="87720" started-at="2019-04-06T07:22:59Z" finished-at="2019-04-06T07:24:27Z">
    <groups>
    </groups>
    <test name="Default test" duration-ms="87720" started-at="2019-04-06T07:22:59Z" finished-at="2019-04-06T07:24:27Z">
      <class name="Assignment.Zoopla.Test.NewTest">
        <test-method status="PASS" signature="beforeClass()[pri:0, instance:Assignment.Zoopla.Test.NewTest@cb5822]" name="beforeClass" is-config="true" duration-ms="28590" started-at="2019-04-06T07:22:59Z" finished-at="2019-04-06T07:23:28Z">
          <reporter-output>
          </reporter-output>
        </test-method> <!-- beforeClass -->
        <test-method status="PASS" signature="f()[pri:0, instance:Assignment.Zoopla.Test.NewTest@cb5822]" name="f" duration-ms="57694" started-at="2019-04-06T07:23:28Z" finished-at="2019-04-06T07:24:26Z">
          <reporter-output>
          </reporter-output>
        </test-method> <!-- f -->
        <test-method status="PASS" signature="afterClass()[pri:0, instance:Assignment.Zoopla.Test.NewTest@cb5822]" name="afterClass" is-config="true" duration-ms="1393" started-at="2019-04-06T07:24:26Z" finished-at="2019-04-06T07:24:27Z">
          <reporter-output>
          </reporter-output>
        </test-method> <!-- afterClass -->
      </class> <!-- Assignment.Zoopla.Test.NewTest -->
    </test> <!-- Default test -->
  </suite> <!-- Default suite -->
</testng-results>
